<?xml version="1.0" encoding="UTF-8"?>
<testng-results ignored="0" total="1" passed="1" failed="0" skipped="0">
  <reporter-output>
  </reporter-output>
  <suite started-at="2022-09-20T16:12:51 BDT" name="Default suite" finished-at="2022-09-20T16:15:17 BDT" duration-ms="146440">
    <groups>
    </groups>
    <test started-at="2022-09-20T16:12:51 BDT" name="Default test" finished-at="2022-09-20T16:15:17 BDT" duration-ms="146440">
      <class name="tests.Loginmult">
        <test-method is-config="true" signature="start()[pri:0, instance:tests.Loginmult@cecf639]" started-at="2022-09-20T16:12:49 BDT" name="start" finished-at="2022-09-20T16:12:51 BDT" duration-ms="1841" status="PASS">
          <reporter-output>
          </reporter-output>
        </test-method> <!-- start -->
        <test-method is-config="true" signature="startUrl()[pri:0, instance:tests.Loginmult@cecf639]" started-at="2022-09-20T16:12:51 BDT" name="startUrl" finished-at="2022-09-20T16:13:24 BDT" duration-ms="32735" status="PASS">
          <reporter-output>
          </reporter-output>
        </test-method> <!-- startUrl -->
        <test-method signature="Login()[pri:0, instance:tests.Loginmult@cecf639]" started-at="2022-09-20T16:13:24 BDT" name="Login" finished-at="2022-09-20T16:15:17 BDT" duration-ms="113659" status="PASS">
          <reporter-output>
          </reporter-output>
        </test-method> <!-- Login -->
        <test-method is-config="true" signature="close()[pri:0, instance:tests.Loginmult@cecf639]" started-at="2022-09-20T16:15:17 BDT" name="close" finished-at="2022-09-20T16:15:18 BDT" duration-ms="233" status="PASS">
          <reporter-output>
          </reporter-output>
        </test-method> <!-- close -->
      </class> <!-- tests.Loginmult -->
    </test> <!-- Default test -->
  </suite> <!-- Default suite -->
</testng-results>
